TN:
SF:src/PennyPress.sol
DA:17,5
FN:17,PennyPress.registerArticle
FNDA:5,PennyPress.registerArticle
DA:22,5
BRDA:22,0,0,1
BRDA:22,0,1,4
DA:24,4
DA:25,4
DA:26,4
DA:28,4
DA:31,5
FN:31,PennyPress.payToAccess
FNDA:5,PennyPress.payToAccess
DA:32,5
DA:33,5
BRDA:33,1,0,1
BRDA:33,1,1,4
DA:34,4
BRDA:34,2,0,1
BRDA:34,2,1,3
DA:35,3
BRDA:35,3,0,1
BRDA:35,3,1,2
DA:37,2
DA:38,2
DA:40,2
DA:41,2
BRDA:41,4,0,1
BRDA:41,4,1,1
DA:43,1
DA:46,2
FN:46,PennyPress.checkAccess
FNDA:2,PennyPress.checkAccess
DA:50,2
FNF:3
FNH:3
LF:18
LH:18
BRF:10
BRH:10
end_of_record
TN:
SF:src/PennyPress.t.sol
DA:108,1
FN:108,RevertingReceiver.receive
FNDA:1,RevertingReceiver.receive
DA:109,1
FNF:1
FNH:1
LF:2
LH:2
BRF:0
BRH:0
end_of_record
